Determining if files usbhid.h exist failed with the following output:
Change Dir: /home/cwilli45/cpe476/lab1/freeglut-3.0.0/build/CMakeFiles/CMakeTmp

Run Build Command:/usr/bin/gmake "cmTryCompileExec2167882754/fast"
/usr/bin/gmake -f CMakeFiles/cmTryCompileExec2167882754.dir/build.make CMakeFiles/cmTryCompileExec2167882754.dir/build
gmake[1]: Entering directory `/home/cwilli45/cpe476/lab1/freeglut-3.0.0/build/CMakeFiles/CMakeTmp'
/usr/bin/cmake -E cmake_progress_report /home/cwilli45/cpe476/lab1/freeglut-3.0.0/build/CMakeFiles/CMakeTmp/CMakeFiles 1
Building C object CMakeFiles/cmTryCompileExec2167882754.dir/CheckIncludeFiles.c.o
/usr/bin/cc   -Wall -pedantic    -o CMakeFiles/cmTryCompileExec2167882754.dir/CheckIncludeFiles.c.o   -c /home/cwilli45/cpe476/lab1/freeglut-3.0.0/build/CMakeFiles/CMakeTmp/CheckIncludeFiles.c
/home/cwilli45/cpe476/lab1/freeglut-3.0.0/build/CMakeFiles/CMakeTmp/CheckIncludeFiles.c:2:20: error: usbhid.h: No such file or directory
gmake[1]: *** [CMakeFiles/cmTryCompileExec2167882754.dir/CheckIncludeFiles.c.o] Error 1
gmake[1]: Leaving directory `/home/cwilli45/cpe476/lab1/freeglut-3.0.0/build/CMakeFiles/CMakeTmp'
gmake: *** [cmTryCompileExec2167882754/fast] Error 2

Source:
/* */
#include <usbhid.h>


int main(){return 0;}

Determining if the function XParseGeometry exists failed with the following output:
Change Dir: /home/cwilli45/cpe476/lab1/freeglut-3.0.0/build/CMakeFiles/CMakeTmp

Run Build Command:/usr/bin/gmake "cmTryCompileExec1863644903/fast"
/usr/bin/gmake -f CMakeFiles/cmTryCompileExec1863644903.dir/build.make CMakeFiles/cmTryCompileExec1863644903.dir/build
gmake[1]: Entering directory `/home/cwilli45/cpe476/lab1/freeglut-3.0.0/build/CMakeFiles/CMakeTmp'
/usr/bin/cmake -E cmake_progress_report /home/cwilli45/cpe476/lab1/freeglut-3.0.0/build/CMakeFiles/CMakeTmp/CMakeFiles 1
Building C object CMakeFiles/cmTryCompileExec1863644903.dir/CheckFunctionExists.c.o
/usr/bin/cc   -Wall -pedantic -DCHECK_FUNCTION_EXISTS=XParseGeometry   -o CMakeFiles/cmTryCompileExec1863644903.dir/CheckFunctionExists.c.o   -c /usr/share/cmake/Modules/CheckFunctionExists.c
Linking C executable cmTryCompileExec1863644903
/usr/bin/cmake -E cmake_link_script CMakeFiles/cmTryCompileExec1863644903.dir/link.txt --verbose=1
/usr/bin/cc   -Wall -pedantic -DCHECK_FUNCTION_EXISTS=XParseGeometry    CMakeFiles/cmTryCompileExec1863644903.dir/CheckFunctionExists.c.o  -o cmTryCompileExec1863644903 -rdynamic -lm 
CMakeFiles/cmTryCompileExec1863644903.dir/CheckFunctionExists.c.o: In function `main':
CheckFunctionExists.c:(.text+0x15): undefined reference to `XParseGeometry'
collect2: ld returned 1 exit status
gmake[1]: *** [cmTryCompileExec1863644903] Error 1
gmake[1]: Leaving directory `/home/cwilli45/cpe476/lab1/freeglut-3.0.0/build/CMakeFiles/CMakeTmp'
gmake: *** [cmTryCompileExec1863644903/fast] Error 2


