The system is: Linux - 2.6.32-504.12.2.el6.x86_64 - x86_64
Compiling the C compiler identification source file "CMakeCCompilerId.c" succeeded.
Compiler: /usr/bin/cc 
Build flags: 
Id flags: 

The output was:
0


Compilation of the C compiler identification source "CMakeCCompilerId.c" produced "a.out"

The C compiler identification is GNU, found in "/home/cwilli45/cpe476/lab1/freeglut-3.0.0/build/CMakeFiles/2.8.12.2/CompilerIdC/a.out"

Compiling the CXX compiler identification source file "CMakeCXXCompilerId.cpp" succeeded.
Compiler: /usr/bin/c++ 
Build flags: 
Id flags: 

The output was:
0


Compilation of the CXX compiler identification source "CMakeCXXCompilerId.cpp" produced "a.out"

The CXX compiler identification is GNU, found in "/home/cwilli45/cpe476/lab1/freeglut-3.0.0/build/CMakeFiles/2.8.12.2/CompilerIdCXX/a.out"

Determining if the C compiler works passed with the following output:
Change Dir: /home/cwilli45/cpe476/lab1/freeglut-3.0.0/build/CMakeFiles/CMakeTmp

Run Build Command:/usr/bin/gmake "cmTryCompileExec1657991142/fast"
/usr/bin/gmake -f CMakeFiles/cmTryCompileExec1657991142.dir/build.make CMakeFiles/cmTryCompileExec1657991142.dir/build
gmake[1]: Entering directory `/home/cwilli45/cpe476/lab1/freeglut-3.0.0/build/CMakeFiles/CMakeTmp'
/usr/bin/cmake -E cmake_progress_report /home/cwilli45/cpe476/lab1/freeglut-3.0.0/build/CMakeFiles/CMakeTmp/CMakeFiles 1
Building C object CMakeFiles/cmTryCompileExec1657991142.dir/testCCompiler.c.o
/usr/bin/cc    -o CMakeFiles/cmTryCompileExec1657991142.dir/testCCompiler.c.o   -c /home/cwilli45/cpe476/lab1/freeglut-3.0.0/build/CMakeFiles/CMakeTmp/testCCompiler.c
Linking C executable cmTryCompileExec1657991142
/usr/bin/cmake -E cmake_link_script CMakeFiles/cmTryCompileExec1657991142.dir/link.txt --verbose=1
/usr/bin/cc       CMakeFiles/cmTryCompileExec1657991142.dir/testCCompiler.c.o  -o cmTryCompileExec1657991142 -rdynamic 
gmake[1]: Leaving directory `/home/cwilli45/cpe476/lab1/freeglut-3.0.0/build/CMakeFiles/CMakeTmp'


Detecting C compiler ABI info compiled with the following output:
Change Dir: /home/cwilli45/cpe476/lab1/freeglut-3.0.0/build/CMakeFiles/CMakeTmp

Run Build Command:/usr/bin/gmake "cmTryCompileExec1807812315/fast"
/usr/bin/gmake -f CMakeFiles/cmTryCompileExec1807812315.dir/build.make CMakeFiles/cmTryCompileExec1807812315.dir/build
gmake[1]: Entering directory `/home/cwilli45/cpe476/lab1/freeglut-3.0.0/build/CMakeFiles/CMakeTmp'
/usr/bin/cmake -E cmake_progress_report /home/cwilli45/cpe476/lab1/freeglut-3.0.0/build/CMakeFiles/CMakeTmp/CMakeFiles 1
Building C object CMakeFiles/cmTryCompileExec1807812315.dir/CMakeCCompilerABI.c.o
/usr/bin/cc    -o CMakeFiles/cmTryCompileExec1807812315.dir/CMakeCCompilerABI.c.o   -c /usr/share/cmake/Modules/CMakeCCompilerABI.c
Linking C executable cmTryCompileExec1807812315
/usr/bin/cmake -E cmake_link_script CMakeFiles/cmTryCompileExec1807812315.dir/link.txt --verbose=1
/usr/bin/cc     -v CMakeFiles/cmTryCompileExec1807812315.dir/CMakeCCompilerABI.c.o  -o cmTryCompileExec1807812315 -rdynamic  
Using built-in specs.
Target: x86_64-redhat-linux
Configured with: ../configure --prefix=/usr --mandir=/usr/share/man --infodir=/usr/share/info --with-bugurl=http://bugzilla.redhat.com/bugzilla --enable-bootstrap --enable-shared --enable-threads=posix --enable-checking=release --with-system-zlib --enable-__cxa_atexit --disable-libunwind-exceptions --enable-gnu-unique-object --enable-languages=c,c++,objc,obj-c++,java,fortran,ada --enable-java-awt=gtk --disable-dssi --with-java-home=/usr/lib/jvm/java-1.5.0-gcj-1.5.0.0/jre --enable-libgcj-multifile --enable-java-maintainer-mode --with-ecj-jar=/usr/share/java/eclipse-ecj.jar --disable-libjava-multilib --with-ppl --with-cloog --with-tune=generic --with-arch_32=i686 --build=x86_64-redhat-linux
Thread model: posix
gcc version 4.4.7 20120313 (Red Hat 4.4.7-11) (GCC) 
COMPILER_PATH=/usr/libexec/gcc/x86_64-redhat-linux/4.4.7/:/usr/libexec/gcc/x86_64-redhat-linux/4.4.7/:/usr/libexec/gcc/x86_64-redhat-linux/:/usr/lib/gcc/x86_64-redhat-linux/4.4.7/:/usr/lib/gcc/x86_64-redhat-linux/:/usr/libexec/gcc/x86_64-redhat-linux/4.4.7/:/usr/libexec/gcc/x86_64-redhat-linux/:/usr/lib/gcc/x86_64-redhat-linux/4.4.7/:/usr/lib/gcc/x86_64-redhat-linux/
LIBRARY_PATH=/usr/lib/gcc/x86_64-redhat-linux/4.4.7/:/usr/lib/gcc/x86_64-redhat-linux/4.4.7/:/usr/lib/gcc/x86_64-redhat-linux/4.4.7/../../../../lib64/:/lib/../lib64/:/usr/lib/../lib64/:/usr/lib/gcc/x86_64-redhat-linux/4.4.7/../../../:/lib/:/usr/lib/
COLLECT_GCC_OPTIONS='-v' '-o' 'cmTryCompileExec1807812315' '-rdynamic' '-mtune=generic'
 /usr/libexec/gcc/x86_64-redhat-linux/4.4.7/collect2 --eh-frame-hdr --build-id -m elf_x86_64 --hash-style=gnu -export-dynamic -dynamic-linker /lib64/ld-linux-x86-64.so.2 -o cmTryCompileExec1807812315 /usr/lib/gcc/x86_64-redhat-linux/4.4.7/../../../../lib64/crt1.o /usr/lib/gcc/x86_64-redhat-linux/4.4.7/../../../../lib64/crti.o /usr/lib/gcc/x86_64-redhat-linux/4.4.7/crtbegin.o -L/usr/lib/gcc/x86_64-redhat-linux/4.4.7 -L/usr/lib/gcc/x86_64-redhat-linux/4.4.7 -L/usr/lib/gcc/x86_64-redhat-linux/4.4.7/../../../../lib64 -L/lib/../lib64 -L/usr/lib/../lib64 -L/usr/lib/gcc/x86_64-redhat-linux/4.4.7/../../.. CMakeFiles/cmTryCompileExec1807812315.dir/CMakeCCompilerABI.c.o -lgcc --as-needed -lgcc_s --no-as-needed -lc -lgcc --as-needed -lgcc_s --no-as-needed /usr/lib/gcc/x86_64-redhat-linux/4.4.7/crtend.o /usr/lib/gcc/x86_64-redhat-linux/4.4.7/../../../../lib64/crtn.o
gmake[1]: Leaving directory `/home/cwilli45/cpe476/lab1/freeglut-3.0.0/build/CMakeFiles/CMakeTmp'


Parsed C implicit link information from above output:
  link line regex: [^( *|.*[/\])(ld|([^/\]+-)?ld|collect2)[^/\]*( |$)]
  ignore line: [Change Dir: /home/cwilli45/cpe476/lab1/freeglut-3.0.0/build/CMakeFiles/CMakeTmp]
  ignore line: []
  ignore line: [Run Build Command:/usr/bin/gmake "cmTryCompileExec1807812315/fast"]
  ignore line: [/usr/bin/gmake -f CMakeFiles/cmTryCompileExec1807812315.dir/build.make CMakeFiles/cmTryCompileExec1807812315.dir/build]
  ignore line: [gmake[1]: Entering directory `/home/cwilli45/cpe476/lab1/freeglut-3.0.0/build/CMakeFiles/CMakeTmp']
  ignore line: [/usr/bin/cmake -E cmake_progress_report /home/cwilli45/cpe476/lab1/freeglut-3.0.0/build/CMakeFiles/CMakeTmp/CMakeFiles 1]
  ignore line: [Building C object CMakeFiles/cmTryCompileExec1807812315.dir/CMakeCCompilerABI.c.o]
  ignore line: [/usr/bin/cc    -o CMakeFiles/cmTryCompileExec1807812315.dir/CMakeCCompilerABI.c.o   -c /usr/share/cmake/Modules/CMakeCCompilerABI.c]
  ignore line: [Linking C executable cmTryCompileExec1807812315]
  ignore line: [/usr/bin/cmake -E cmake_link_script CMakeFiles/cmTryCompileExec1807812315.dir/link.txt --verbose=1]
  ignore line: [/usr/bin/cc     -v CMakeFiles/cmTryCompileExec1807812315.dir/CMakeCCompilerABI.c.o  -o cmTryCompileExec1807812315 -rdynamic  ]
  ignore line: [Using built-in specs.]
  ignore line: [Target: x86_64-redhat-linux]
  ignore line: [Configured with: ../configure --prefix=/usr --mandir=/usr/share/man --infodir=/usr/share/info --with-bugurl=http://bugzilla.redhat.com/bugzilla --enable-bootstrap --enable-shared --enable-threads=posix --enable-checking=release --with-system-zlib --enable-__cxa_atexit --disable-libunwind-exceptions --enable-gnu-unique-object --enable-languages=c,c++,objc,obj-c++,java,fortran,ada --enable-java-awt=gtk --disable-dssi --with-java-home=/usr/lib/jvm/java-1.5.0-gcj-1.5.0.0/jre --enable-libgcj-multifile --enable-java-maintainer-mode --with-ecj-jar=/usr/share/java/eclipse-ecj.jar --disable-libjava-multilib --with-ppl --with-cloog --with-tune=generic --with-arch_32=i686 --build=x86_64-redhat-linux]
  ignore line: [Thread model: posix]
  ignore line: [gcc version 4.4.7 20120313 (Red Hat 4.4.7-11) (GCC) ]
  ignore line: [COMPILER_PATH=/usr/libexec/gcc/x86_64-redhat-linux/4.4.7/:/usr/libexec/gcc/x86_64-redhat-linux/4.4.7/:/usr/libexec/gcc/x86_64-redhat-linux/:/usr/lib/gcc/x86_64-redhat-linux/4.4.7/:/usr/lib/gcc/x86_64-redhat-linux/:/usr/libexec/gcc/x86_64-redhat-linux/4.4.7/:/usr/libexec/gcc/x86_64-redhat-linux/:/usr/lib/gcc/x86_64-redhat-linux/4.4.7/:/usr/lib/gcc/x86_64-redhat-linux/]
  ignore line: [LIBRARY_PATH=/usr/lib/gcc/x86_64-redhat-linux/4.4.7/:/usr/lib/gcc/x86_64-redhat-linux/4.4.7/:/usr/lib/gcc/x86_64-redhat-linux/4.4.7/../../../../lib64/:/lib/../lib64/:/usr/lib/../lib64/:/usr/lib/gcc/x86_64-redhat-linux/4.4.7/../../../:/lib/:/usr/lib/]
  ignore line: [COLLECT_GCC_OPTIONS='-v' '-o' 'cmTryCompileExec1807812315' '-rdynamic' '-mtune=generic']
  link line: [ /usr/libexec/gcc/x86_64-redhat-linux/4.4.7/collect2 --eh-frame-hdr --build-id -m elf_x86_64 --hash-style=gnu -export-dynamic -dynamic-linker /lib64/ld-linux-x86-64.so.2 -o cmTryCompileExec1807812315 /usr/lib/gcc/x86_64-redhat-linux/4.4.7/../../../../lib64/crt1.o /usr/lib/gcc/x86_64-redhat-linux/4.4.7/../../../../lib64/crti.o /usr/lib/gcc/x86_64-redhat-linux/4.4.7/crtbegin.o -L/usr/lib/gcc/x86_64-redhat-linux/4.4.7 -L/usr/lib/gcc/x86_64-redhat-linux/4.4.7 -L/usr/lib/gcc/x86_64-redhat-linux/4.4.7/../../../../lib64 -L/lib/../lib64 -L/usr/lib/../lib64 -L/usr/lib/gcc/x86_64-redhat-linux/4.4.7/../../.. CMakeFiles/cmTryCompileExec1807812315.dir/CMakeCCompilerABI.c.o -lgcc --as-needed -lgcc_s --no-as-needed -lc -lgcc --as-needed -lgcc_s --no-as-needed /usr/lib/gcc/x86_64-redhat-linux/4.4.7/crtend.o /usr/lib/gcc/x86_64-redhat-linux/4.4.7/../../../../lib64/crtn.o]
    arg [/usr/libexec/gcc/x86_64-redhat-linux/4.4.7/collect2] ==> ignore
    arg [--eh-frame-hdr] ==> ignore
    arg [--build-id] ==> ignore
    arg [-m] ==> ignore
    arg [elf_x86_64] ==> ignore
    arg [--hash-style=gnu] ==> ignore
    arg [-export-dynamic] ==> ignore
    arg [-dynamic-linker] ==> ignore
    arg [/lib64/ld-linux-x86-64.so.2] ==> ignore
    arg [-o] ==> ignore
    arg [cmTryCompileExec1807812315] ==> ignore
    arg [/usr/lib/gcc/x86_64-redhat-linux/4.4.7/../../../../lib64/crt1.o] ==> ignore
    arg [/usr/lib/gcc/x86_64-redhat-linux/4.4.7/../../../../lib64/crti.o] ==> ignore
    arg [/usr/lib/gcc/x86_64-redhat-linux/4.4.7/crtbegin.o] ==> ignore
    arg [-L/usr/lib/gcc/x86_64-redhat-linux/4.4.7] ==> dir [/usr/lib/gcc/x86_64-redhat-linux/4.4.7]
    arg [-L/usr/lib/gcc/x86_64-redhat-linux/4.4.7] ==> dir [/usr/lib/gcc/x86_64-redhat-linux/4.4.7]
    arg [-L/usr/lib/gcc/x86_64-redhat-linux/4.4.7/../../../../lib64] ==> dir [/usr/lib/gcc/x86_64-redhat-linux/4.4.7/../../../../lib64]
    arg [-L/lib/../lib64] ==> dir [/lib/../lib64]
    arg [-L/usr/lib/../lib64] ==> dir [/usr/lib/../lib64]
    arg [-L/usr/lib/gcc/x86_64-redhat-linux/4.4.7/../../..] ==> dir [/usr/lib/gcc/x86_64-redhat-linux/4.4.7/../../..]
    arg [CMakeFiles/cmTryCompileExec1807812315.dir/CMakeCCompilerABI.c.o] ==> ignore
    arg [-lgcc] ==> lib [gcc]
    arg [--as-needed] ==> ignore
    arg [-lgcc_s] ==> lib [gcc_s]
    arg [--no-as-needed] ==> ignore
    arg [-lc] ==> lib [c]
    arg [-lgcc] ==> lib [gcc]
    arg [--as-needed] ==> ignore
    arg [-lgcc_s] ==> lib [gcc_s]
    arg [--no-as-needed] ==> ignore
    arg [/usr/lib/gcc/x86_64-redhat-linux/4.4.7/crtend.o] ==> ignore
    arg [/usr/lib/gcc/x86_64-redhat-linux/4.4.7/../../../../lib64/crtn.o] ==> ignore
  remove lib [gcc]
  remove lib [gcc_s]
  remove lib [gcc]
  remove lib [gcc_s]
  collapse library dir [/usr/lib/gcc/x86_64-redhat-linux/4.4.7] ==> [/usr/lib/gcc/x86_64-redhat-linux/4.4.7]
  collapse library dir [/usr/lib/gcc/x86_64-redhat-linux/4.4.7] ==> [/usr/lib/gcc/x86_64-redhat-linux/4.4.7]
  collapse library dir [/usr/lib/gcc/x86_64-redhat-linux/4.4.7/../../../../lib64] ==> [/usr/lib64]
  collapse library dir [/lib/../lib64] ==> [/lib64]
  collapse library dir [/usr/lib/../lib64] ==> [/usr/lib64]
  collapse library dir [/usr/lib/gcc/x86_64-redhat-linux/4.4.7/../../..] ==> [/usr/lib]
  implicit libs: [c]
  implicit dirs: [/usr/lib/gcc/x86_64-redhat-linux/4.4.7;/usr/lib64;/lib64;/usr/lib]
  implicit fwks: []


Determining if the CXX compiler works passed with the following output:
Change Dir: /home/cwilli45/cpe476/lab1/freeglut-3.0.0/build/CMakeFiles/CMakeTmp

Run Build Command:/usr/bin/gmake "cmTryCompileExec1612500547/fast"
/usr/bin/gmake -f CMakeFiles/cmTryCompileExec1612500547.dir/build.make CMakeFiles/cmTryCompileExec1612500547.dir/build
gmake[1]: Entering directory `/home/cwilli45/cpe476/lab1/freeglut-3.0.0/build/CMakeFiles/CMakeTmp'
/usr/bin/cmake -E cmake_progress_report /home/cwilli45/cpe476/lab1/freeglut-3.0.0/build/CMakeFiles/CMakeTmp/CMakeFiles 1
Building CXX object CMakeFiles/cmTryCompileExec1612500547.dir/testCXXCompiler.cxx.o
/usr/bin/c++     -o CMakeFiles/cmTryCompileExec1612500547.dir/testCXXCompiler.cxx.o -c /home/cwilli45/cpe476/lab1/freeglut-3.0.0/build/CMakeFiles/CMakeTmp/testCXXCompiler.cxx
Linking CXX executable cmTryCompileExec1612500547
/usr/bin/cmake -E cmake_link_script CMakeFiles/cmTryCompileExec1612500547.dir/link.txt --verbose=1
/usr/bin/c++        CMakeFiles/cmTryCompileExec1612500547.dir/testCXXCompiler.cxx.o  -o cmTryCompileExec1612500547 -rdynamic 
gmake[1]: Leaving directory `/home/cwilli45/cpe476/lab1/freeglut-3.0.0/build/CMakeFiles/CMakeTmp'


Detecting CXX compiler ABI info compiled with the following output:
Change Dir: /home/cwilli45/cpe476/lab1/freeglut-3.0.0/build/CMakeFiles/CMakeTmp

Run Build Command:/usr/bin/gmake "cmTryCompileExec2000104397/fast"
/usr/bin/gmake -f CMakeFiles/cmTryCompileExec2000104397.dir/build.make CMakeFiles/cmTryCompileExec2000104397.dir/build
gmake[1]: Entering directory `/home/cwilli45/cpe476/lab1/freeglut-3.0.0/build/CMakeFiles/CMakeTmp'
/usr/bin/cmake -E cmake_progress_report /home/cwilli45/cpe476/lab1/freeglut-3.0.0/build/CMakeFiles/CMakeTmp/CMakeFiles 1
Building CXX object CMakeFiles/cmTryCompileExec2000104397.dir/CMakeCXXCompilerABI.cpp.o
/usr/bin/c++     -o CMakeFiles/cmTryCompileExec2000104397.dir/CMakeCXXCompilerABI.cpp.o -c /usr/share/cmake/Modules/CMakeCXXCompilerABI.cpp
Linking CXX executable cmTryCompileExec2000104397
/usr/bin/cmake -E cmake_link_script CMakeFiles/cmTryCompileExec2000104397.dir/link.txt --verbose=1
/usr/bin/c++      -v CMakeFiles/cmTryCompileExec2000104397.dir/CMakeCXXCompilerABI.cpp.o  -o cmTryCompileExec2000104397 -rdynamic  
Using built-in specs.
Target: x86_64-redhat-linux
Configured with: ../configure --prefix=/usr --mandir=/usr/share/man --infodir=/usr/share/info --with-bugurl=http://bugzilla.redhat.com/bugzilla --enable-bootstrap --enable-shared --enable-threads=posix --enable-checking=release --with-system-zlib --enable-__cxa_atexit --disable-libunwind-exceptions --enable-gnu-unique-object --enable-languages=c,c++,objc,obj-c++,java,fortran,ada --enable-java-awt=gtk --disable-dssi --with-java-home=/usr/lib/jvm/java-1.5.0-gcj-1.5.0.0/jre --enable-libgcj-multifile --enable-java-maintainer-mode --with-ecj-jar=/usr/share/java/eclipse-ecj.jar --disable-libjava-multilib --with-ppl --with-cloog --with-tune=generic --with-arch_32=i686 --build=x86_64-redhat-linux
Thread model: posix
gcc version 4.4.7 20120313 (Red Hat 4.4.7-11) (GCC) 
COMPILER_PATH=/usr/libexec/gcc/x86_64-redhat-linux/4.4.7/:/usr/libexec/gcc/x86_64-redhat-linux/4.4.7/:/usr/libexec/gcc/x86_64-redhat-linux/:/usr/lib/gcc/x86_64-redhat-linux/4.4.7/:/usr/lib/gcc/x86_64-redhat-linux/:/usr/libexec/gcc/x86_64-redhat-linux/4.4.7/:/usr/libexec/gcc/x86_64-redhat-linux/:/usr/lib/gcc/x86_64-redhat-linux/4.4.7/:/usr/lib/gcc/x86_64-redhat-linux/
LIBRARY_PATH=/usr/lib/gcc/x86_64-redhat-linux/4.4.7/:/usr/lib/gcc/x86_64-redhat-linux/4.4.7/:/usr/lib/gcc/x86_64-redhat-linux/4.4.7/../../../../lib64/:/lib/../lib64/:/usr/lib/../lib64/:/usr/lib/gcc/x86_64-redhat-linux/4.4.7/../../../:/lib/:/usr/lib/
COLLECT_GCC_OPTIONS='-v' '-o' 'cmTryCompileExec2000104397' '-rdynamic' '-shared-libgcc' '-mtune=generic'
 /usr/libexec/gcc/x86_64-redhat-linux/4.4.7/collect2 --eh-frame-hdr --build-id -m elf_x86_64 --hash-style=gnu -export-dynamic -dynamic-linker /lib64/ld-linux-x86-64.so.2 -o cmTryCompileExec2000104397 /usr/lib/gcc/x86_64-redhat-linux/4.4.7/../../../../lib64/crt1.o /usr/lib/gcc/x86_64-redhat-linux/4.4.7/../../../../lib64/crti.o /usr/lib/gcc/x86_64-redhat-linux/4.4.7/crtbegin.o -L/usr/lib/gcc/x86_64-redhat-linux/4.4.7 -L/usr/lib/gcc/x86_64-redhat-linux/4.4.7 -L/usr/lib/gcc/x86_64-redhat-linux/4.4.7/../../../../lib64 -L/lib/../lib64 -L/usr/lib/../lib64 -L/usr/lib/gcc/x86_64-redhat-linux/4.4.7/../../.. CMakeFiles/cmTryCompileExec2000104397.dir/CMakeCXXCompilerABI.cpp.o -lstdc++ -lm -lgcc_s -lgcc -lc -lgcc_s -lgcc /usr/lib/gcc/x86_64-redhat-linux/4.4.7/crtend.o /usr/lib/gcc/x86_64-redhat-linux/4.4.7/../../../../lib64/crtn.o
gmake[1]: Leaving directory `/home/cwilli45/cpe476/lab1/freeglut-3.0.0/build/CMakeFiles/CMakeTmp'


Parsed CXX implicit link information from above output:
  link line regex: [^( *|.*[/\])(ld|([^/\]+-)?ld|collect2)[^/\]*( |$)]
  ignore line: [Change Dir: /home/cwilli45/cpe476/lab1/freeglut-3.0.0/build/CMakeFiles/CMakeTmp]
  ignore line: []
  ignore line: [Run Build Command:/usr/bin/gmake "cmTryCompileExec2000104397/fast"]
  ignore line: [/usr/bin/gmake -f CMakeFiles/cmTryCompileExec2000104397.dir/build.make CMakeFiles/cmTryCompileExec2000104397.dir/build]
  ignore line: [gmake[1]: Entering directory `/home/cwilli45/cpe476/lab1/freeglut-3.0.0/build/CMakeFiles/CMakeTmp']
  ignore line: [/usr/bin/cmake -E cmake_progress_report /home/cwilli45/cpe476/lab1/freeglut-3.0.0/build/CMakeFiles/CMakeTmp/CMakeFiles 1]
  ignore line: [Building CXX object CMakeFiles/cmTryCompileExec2000104397.dir/CMakeCXXCompilerABI.cpp.o]
  ignore line: [/usr/bin/c++     -o CMakeFiles/cmTryCompileExec2000104397.dir/CMakeCXXCompilerABI.cpp.o -c /usr/share/cmake/Modules/CMakeCXXCompilerABI.cpp]
  ignore line: [Linking CXX executable cmTryCompileExec2000104397]
  ignore line: [/usr/bin/cmake -E cmake_link_script CMakeFiles/cmTryCompileExec2000104397.dir/link.txt --verbose=1]
  ignore line: [/usr/bin/c++      -v CMakeFiles/cmTryCompileExec2000104397.dir/CMakeCXXCompilerABI.cpp.o  -o cmTryCompileExec2000104397 -rdynamic  ]
  ignore line: [Using built-in specs.]
  ignore line: [Target: x86_64-redhat-linux]
  ignore line: [Configured with: ../configure --prefix=/usr --mandir=/usr/share/man --infodir=/usr/share/info --with-bugurl=http://bugzilla.redhat.com/bugzilla --enable-bootstrap --enable-shared --enable-threads=posix --enable-checking=release --with-system-zlib --enable-__cxa_atexit --disable-libunwind-exceptions --enable-gnu-unique-object --enable-languages=c,c++,objc,obj-c++,java,fortran,ada --enable-java-awt=gtk --disable-dssi --with-java-home=/usr/lib/jvm/java-1.5.0-gcj-1.5.0.0/jre --enable-libgcj-multifile --enable-java-maintainer-mode --with-ecj-jar=/usr/share/java/eclipse-ecj.jar --disable-libjava-multilib --with-ppl --with-cloog --with-tune=generic --with-arch_32=i686 --build=x86_64-redhat-linux]
  ignore line: [Thread model: posix]
  ignore line: [gcc version 4.4.7 20120313 (Red Hat 4.4.7-11) (GCC) ]
  ignore line: [COMPILER_PATH=/usr/libexec/gcc/x86_64-redhat-linux/4.4.7/:/usr/libexec/gcc/x86_64-redhat-linux/4.4.7/:/usr/libexec/gcc/x86_64-redhat-linux/:/usr/lib/gcc/x86_64-redhat-linux/4.4.7/:/usr/lib/gcc/x86_64-redhat-linux/:/usr/libexec/gcc/x86_64-redhat-linux/4.4.7/:/usr/libexec/gcc/x86_64-redhat-linux/:/usr/lib/gcc/x86_64-redhat-linux/4.4.7/:/usr/lib/gcc/x86_64-redhat-linux/]
  ignore line: [LIBRARY_PATH=/usr/lib/gcc/x86_64-redhat-linux/4.4.7/:/usr/lib/gcc/x86_64-redhat-linux/4.4.7/:/usr/lib/gcc/x86_64-redhat-linux/4.4.7/../../../../lib64/:/lib/../lib64/:/usr/lib/../lib64/:/usr/lib/gcc/x86_64-redhat-linux/4.4.7/../../../:/lib/:/usr/lib/]
  ignore line: [COLLECT_GCC_OPTIONS='-v' '-o' 'cmTryCompileExec2000104397' '-rdynamic' '-shared-libgcc' '-mtune=generic']
  link line: [ /usr/libexec/gcc/x86_64-redhat-linux/4.4.7/collect2 --eh-frame-hdr --build-id -m elf_x86_64 --hash-style=gnu -export-dynamic -dynamic-linker /lib64/ld-linux-x86-64.so.2 -o cmTryCompileExec2000104397 /usr/lib/gcc/x86_64-redhat-linux/4.4.7/../../../../lib64/crt1.o /usr/lib/gcc/x86_64-redhat-linux/4.4.7/../../../../lib64/crti.o /usr/lib/gcc/x86_64-redhat-linux/4.4.7/crtbegin.o -L/usr/lib/gcc/x86_64-redhat-linux/4.4.7 -L/usr/lib/gcc/x86_64-redhat-linux/4.4.7 -L/usr/lib/gcc/x86_64-redhat-linux/4.4.7/../../../../lib64 -L/lib/../lib64 -L/usr/lib/../lib64 -L/usr/lib/gcc/x86_64-redhat-linux/4.4.7/../../.. CMakeFiles/cmTryCompileExec2000104397.dir/CMakeCXXCompilerABI.cpp.o -lstdc++ -lm -lgcc_s -lgcc -lc -lgcc_s -lgcc /usr/lib/gcc/x86_64-redhat-linux/4.4.7/crtend.o /usr/lib/gcc/x86_64-redhat-linux/4.4.7/../../../../lib64/crtn.o]
    arg [/usr/libexec/gcc/x86_64-redhat-linux/4.4.7/collect2] ==> ignore
    arg [--eh-frame-hdr] ==> ignore
    arg [--build-id] ==> ignore
    arg [-m] ==> ignore
    arg [elf_x86_64] ==> ignore
    arg [--hash-style=gnu] ==> ignore
    arg [-export-dynamic] ==> ignore
    arg [-dynamic-linker] ==> ignore
    arg [/lib64/ld-linux-x86-64.so.2] ==> ignore
    arg [-o] ==> ignore
    arg [cmTryCompileExec2000104397] ==> ignore
    arg [/usr/lib/gcc/x86_64-redhat-linux/4.4.7/../../../../lib64/crt1.o] ==> ignore
    arg [/usr/lib/gcc/x86_64-redhat-linux/4.4.7/../../../../lib64/crti.o] ==> ignore
    arg [/usr/lib/gcc/x86_64-redhat-linux/4.4.7/crtbegin.o] ==> ignore
    arg [-L/usr/lib/gcc/x86_64-redhat-linux/4.4.7] ==> dir [/usr/lib/gcc/x86_64-redhat-linux/4.4.7]
    arg [-L/usr/lib/gcc/x86_64-redhat-linux/4.4.7] ==> dir [/usr/lib/gcc/x86_64-redhat-linux/4.4.7]
    arg [-L/usr/lib/gcc/x86_64-redhat-linux/4.4.7/../../../../lib64] ==> dir [/usr/lib/gcc/x86_64-redhat-linux/4.4.7/../../../../lib64]
    arg [-L/lib/../lib64] ==> dir [/lib/../lib64]
    arg [-L/usr/lib/../lib64] ==> dir [/usr/lib/../lib64]
    arg [-L/usr/lib/gcc/x86_64-redhat-linux/4.4.7/../../..] ==> dir [/usr/lib/gcc/x86_64-redhat-linux/4.4.7/../../..]
    arg [CMakeFiles/cmTryCompileExec2000104397.dir/CMakeCXXCompilerABI.cpp.o] ==> ignore
    arg [-lstdc++] ==> lib [stdc++]
    arg [-lm] ==> lib [m]
    arg [-lgcc_s] ==> lib [gcc_s]
    arg [-lgcc] ==> lib [gcc]
    arg [-lc] ==> lib [c]
    arg [-lgcc_s] ==> lib [gcc_s]
    arg [-lgcc] ==> lib [gcc]
    arg [/usr/lib/gcc/x86_64-redhat-linux/4.4.7/crtend.o] ==> ignore
    arg [/usr/lib/gcc/x86_64-redhat-linux/4.4.7/../../../../lib64/crtn.o] ==> ignore
  remove lib [gcc_s]
  remove lib [gcc]
  remove lib [gcc_s]
  remove lib [gcc]
  collapse library dir [/usr/lib/gcc/x86_64-redhat-linux/4.4.7] ==> [/usr/lib/gcc/x86_64-redhat-linux/4.4.7]
  collapse library dir [/usr/lib/gcc/x86_64-redhat-linux/4.4.7] ==> [/usr/lib/gcc/x86_64-redhat-linux/4.4.7]
  collapse library dir [/usr/lib/gcc/x86_64-redhat-linux/4.4.7/../../../../lib64] ==> [/usr/lib64]
  collapse library dir [/lib/../lib64] ==> [/lib64]
  collapse library dir [/usr/lib/../lib64] ==> [/usr/lib64]
  collapse library dir [/usr/lib/gcc/x86_64-redhat-linux/4.4.7/../../..] ==> [/usr/lib]
  implicit libs: [stdc++;m;c]
  implicit dirs: [/usr/lib/gcc/x86_64-redhat-linux/4.4.7;/usr/lib64;/lib64;/usr/lib]
  implicit fwks: []


Determining if the function XOpenDisplay exists in the /usr/lib64/libX11.so;/usr/lib64/libXext.so passed with the following output:
Change Dir: /home/cwilli45/cpe476/lab1/freeglut-3.0.0/build/CMakeFiles/CMakeTmp

Run Build Command:/usr/bin/gmake "cmTryCompileExec616101373/fast"
/usr/bin/gmake -f CMakeFiles/cmTryCompileExec616101373.dir/build.make CMakeFiles/cmTryCompileExec616101373.dir/build
gmake[1]: Entering directory `/home/cwilli45/cpe476/lab1/freeglut-3.0.0/build/CMakeFiles/CMakeTmp'
/usr/bin/cmake -E cmake_progress_report /home/cwilli45/cpe476/lab1/freeglut-3.0.0/build/CMakeFiles/CMakeTmp/CMakeFiles 1
Building C object CMakeFiles/cmTryCompileExec616101373.dir/CheckFunctionExists.c.o
/usr/bin/cc   -DCHECK_FUNCTION_EXISTS=XOpenDisplay   -o CMakeFiles/cmTryCompileExec616101373.dir/CheckFunctionExists.c.o   -c /usr/share/cmake/Modules/CheckFunctionExists.c
Linking C executable cmTryCompileExec616101373
/usr/bin/cmake -E cmake_link_script CMakeFiles/cmTryCompileExec616101373.dir/link.txt --verbose=1
/usr/bin/cc   -DCHECK_FUNCTION_EXISTS=XOpenDisplay    CMakeFiles/cmTryCompileExec616101373.dir/CheckFunctionExists.c.o  -o cmTryCompileExec616101373 -rdynamic -lX11 -lXext 
gmake[1]: Leaving directory `/home/cwilli45/cpe476/lab1/freeglut-3.0.0/build/CMakeFiles/CMakeTmp'


Determining if the function gethostbyname exists passed with the following output:
Change Dir: /home/cwilli45/cpe476/lab1/freeglut-3.0.0/build/CMakeFiles/CMakeTmp

Run Build Command:/usr/bin/gmake "cmTryCompileExec4124778293/fast"
/usr/bin/gmake -f CMakeFiles/cmTryCompileExec4124778293.dir/build.make CMakeFiles/cmTryCompileExec4124778293.dir/build
gmake[1]: Entering directory `/home/cwilli45/cpe476/lab1/freeglut-3.0.0/build/CMakeFiles/CMakeTmp'
/usr/bin/cmake -E cmake_progress_report /home/cwilli45/cpe476/lab1/freeglut-3.0.0/build/CMakeFiles/CMakeTmp/CMakeFiles 1
Building C object CMakeFiles/cmTryCompileExec4124778293.dir/CheckFunctionExists.c.o
/usr/bin/cc   -DCHECK_FUNCTION_EXISTS=gethostbyname   -o CMakeFiles/cmTryCompileExec4124778293.dir/CheckFunctionExists.c.o   -c /usr/share/cmake/Modules/CheckFunctionExists.c
Linking C executable cmTryCompileExec4124778293
/usr/bin/cmake -E cmake_link_script CMakeFiles/cmTryCompileExec4124778293.dir/link.txt --verbose=1
/usr/bin/cc   -DCHECK_FUNCTION_EXISTS=gethostbyname    CMakeFiles/cmTryCompileExec4124778293.dir/CheckFunctionExists.c.o  -o cmTryCompileExec4124778293 -rdynamic 
gmake[1]: Leaving directory `/home/cwilli45/cpe476/lab1/freeglut-3.0.0/build/CMakeFiles/CMakeTmp'


Determining if the function connect exists passed with the following output:
Change Dir: /home/cwilli45/cpe476/lab1/freeglut-3.0.0/build/CMakeFiles/CMakeTmp

Run Build Command:/usr/bin/gmake "cmTryCompileExec2922391232/fast"
/usr/bin/gmake -f CMakeFiles/cmTryCompileExec2922391232.dir/build.make CMakeFiles/cmTryCompileExec2922391232.dir/build
gmake[1]: Entering directory `/home/cwilli45/cpe476/lab1/freeglut-3.0.0/build/CMakeFiles/CMakeTmp'
/usr/bin/cmake -E cmake_progress_report /home/cwilli45/cpe476/lab1/freeglut-3.0.0/build/CMakeFiles/CMakeTmp/CMakeFiles 1
Building C object CMakeFiles/cmTryCompileExec2922391232.dir/CheckFunctionExists.c.o
/usr/bin/cc   -DCHECK_FUNCTION_EXISTS=connect   -o CMakeFiles/cmTryCompileExec2922391232.dir/CheckFunctionExists.c.o   -c /usr/share/cmake/Modules/CheckFunctionExists.c
Linking C executable cmTryCompileExec2922391232
/usr/bin/cmake -E cmake_link_script CMakeFiles/cmTryCompileExec2922391232.dir/link.txt --verbose=1
/usr/bin/cc   -DCHECK_FUNCTION_EXISTS=connect    CMakeFiles/cmTryCompileExec2922391232.dir/CheckFunctionExists.c.o  -o cmTryCompileExec2922391232 -rdynamic 
gmake[1]: Leaving directory `/home/cwilli45/cpe476/lab1/freeglut-3.0.0/build/CMakeFiles/CMakeTmp'


Determining if the function remove exists passed with the following output:
Change Dir: /home/cwilli45/cpe476/lab1/freeglut-3.0.0/build/CMakeFiles/CMakeTmp

Run Build Command:/usr/bin/gmake "cmTryCompileExec3480410728/fast"
/usr/bin/gmake -f CMakeFiles/cmTryCompileExec3480410728.dir/build.make CMakeFiles/cmTryCompileExec3480410728.dir/build
gmake[1]: Entering directory `/home/cwilli45/cpe476/lab1/freeglut-3.0.0/build/CMakeFiles/CMakeTmp'
/usr/bin/cmake -E cmake_progress_report /home/cwilli45/cpe476/lab1/freeglut-3.0.0/build/CMakeFiles/CMakeTmp/CMakeFiles 1
Building C object CMakeFiles/cmTryCompileExec3480410728.dir/CheckFunctionExists.c.o
/usr/bin/cc   -DCHECK_FUNCTION_EXISTS=remove   -o CMakeFiles/cmTryCompileExec3480410728.dir/CheckFunctionExists.c.o   -c /usr/share/cmake/Modules/CheckFunctionExists.c
Linking C executable cmTryCompileExec3480410728
/usr/bin/cmake -E cmake_link_script CMakeFiles/cmTryCompileExec3480410728.dir/link.txt --verbose=1
/usr/bin/cc   -DCHECK_FUNCTION_EXISTS=remove    CMakeFiles/cmTryCompileExec3480410728.dir/CheckFunctionExists.c.o  -o cmTryCompileExec3480410728 -rdynamic 
gmake[1]: Leaving directory `/home/cwilli45/cpe476/lab1/freeglut-3.0.0/build/CMakeFiles/CMakeTmp'


Determining if the function shmat exists passed with the following output:
Change Dir: /home/cwilli45/cpe476/lab1/freeglut-3.0.0/build/CMakeFiles/CMakeTmp

Run Build Command:/usr/bin/gmake "cmTryCompileExec1633894588/fast"
/usr/bin/gmake -f CMakeFiles/cmTryCompileExec1633894588.dir/build.make CMakeFiles/cmTryCompileExec1633894588.dir/build
gmake[1]: Entering directory `/home/cwilli45/cpe476/lab1/freeglut-3.0.0/build/CMakeFiles/CMakeTmp'
/usr/bin/cmake -E cmake_progress_report /home/cwilli45/cpe476/lab1/freeglut-3.0.0/build/CMakeFiles/CMakeTmp/CMakeFiles 1
Building C object CMakeFiles/cmTryCompileExec1633894588.dir/CheckFunctionExists.c.o
/usr/bin/cc   -DCHECK_FUNCTION_EXISTS=shmat   -o CMakeFiles/cmTryCompileExec1633894588.dir/CheckFunctionExists.c.o   -c /usr/share/cmake/Modules/CheckFunctionExists.c
Linking C executable cmTryCompileExec1633894588
/usr/bin/cmake -E cmake_link_script CMakeFiles/cmTryCompileExec1633894588.dir/link.txt --verbose=1
/usr/bin/cc   -DCHECK_FUNCTION_EXISTS=shmat    CMakeFiles/cmTryCompileExec1633894588.dir/CheckFunctionExists.c.o  -o cmTryCompileExec1633894588 -rdynamic 
gmake[1]: Leaving directory `/home/cwilli45/cpe476/lab1/freeglut-3.0.0/build/CMakeFiles/CMakeTmp'


Determining if the function IceConnectionNumber exists in the ICE passed with the following output:
Change Dir: /home/cwilli45/cpe476/lab1/freeglut-3.0.0/build/CMakeFiles/CMakeTmp

Run Build Command:/usr/bin/gmake "cmTryCompileExec3673292492/fast"
/usr/bin/gmake -f CMakeFiles/cmTryCompileExec3673292492.dir/build.make CMakeFiles/cmTryCompileExec3673292492.dir/build
gmake[1]: Entering directory `/home/cwilli45/cpe476/lab1/freeglut-3.0.0/build/CMakeFiles/CMakeTmp'
/usr/bin/cmake -E cmake_progress_report /home/cwilli45/cpe476/lab1/freeglut-3.0.0/build/CMakeFiles/CMakeTmp/CMakeFiles 1
Building C object CMakeFiles/cmTryCompileExec3673292492.dir/CheckFunctionExists.c.o
/usr/bin/cc   -DCHECK_FUNCTION_EXISTS=IceConnectionNumber   -o CMakeFiles/cmTryCompileExec3673292492.dir/CheckFunctionExists.c.o   -c /usr/share/cmake/Modules/CheckFunctionExists.c
Linking C executable cmTryCompileExec3673292492
/usr/bin/cmake -E cmake_link_script CMakeFiles/cmTryCompileExec3673292492.dir/link.txt --verbose=1
/usr/bin/cc   -DCHECK_FUNCTION_EXISTS=IceConnectionNumber    CMakeFiles/cmTryCompileExec3673292492.dir/CheckFunctionExists.c.o  -o cmTryCompileExec3673292492 -rdynamic -lICE 
gmake[1]: Leaving directory `/home/cwilli45/cpe476/lab1/freeglut-3.0.0/build/CMakeFiles/CMakeTmp'


Determining if files /usr/include/X11/extensions/XInput2.h exist passed with the following output:
Change Dir: /home/cwilli45/cpe476/lab1/freeglut-3.0.0/build/CMakeFiles/CMakeTmp

Run Build Command:/usr/bin/gmake "cmTryCompileExec58165720/fast"
/usr/bin/gmake -f CMakeFiles/cmTryCompileExec58165720.dir/build.make CMakeFiles/cmTryCompileExec58165720.dir/build
gmake[1]: Entering directory `/home/cwilli45/cpe476/lab1/freeglut-3.0.0/build/CMakeFiles/CMakeTmp'
/usr/bin/cmake -E cmake_progress_report /home/cwilli45/cpe476/lab1/freeglut-3.0.0/build/CMakeFiles/CMakeTmp/CMakeFiles 1
Building C object CMakeFiles/cmTryCompileExec58165720.dir/CheckIncludeFiles.c.o
/usr/bin/cc   -Wall -pedantic    -o CMakeFiles/cmTryCompileExec58165720.dir/CheckIncludeFiles.c.o   -c /home/cwilli45/cpe476/lab1/freeglut-3.0.0/build/CMakeFiles/CMakeTmp/CheckIncludeFiles.c
Linking C executable cmTryCompileExec58165720
/usr/bin/cmake -E cmake_link_script CMakeFiles/cmTryCompileExec58165720.dir/link.txt --verbose=1
/usr/bin/cc   -Wall -pedantic     CMakeFiles/cmTryCompileExec58165720.dir/CheckIncludeFiles.c.o  -o cmTryCompileExec58165720 -rdynamic 
gmake[1]: Leaving directory `/home/cwilli45/cpe476/lab1/freeglut-3.0.0/build/CMakeFiles/CMakeTmp'


Determining if files sys/types.h exist passed with the following output:
Change Dir: /home/cwilli45/cpe476/lab1/freeglut-3.0.0/build/CMakeFiles/CMakeTmp

Run Build Command:/usr/bin/gmake "cmTryCompileExec1892169068/fast"
/usr/bin/gmake -f CMakeFiles/cmTryCompileExec1892169068.dir/build.make CMakeFiles/cmTryCompileExec1892169068.dir/build
gmake[1]: Entering directory `/home/cwilli45/cpe476/lab1/freeglut-3.0.0/build/CMakeFiles/CMakeTmp'
/usr/bin/cmake -E cmake_progress_report /home/cwilli45/cpe476/lab1/freeglut-3.0.0/build/CMakeFiles/CMakeTmp/CMakeFiles 1
Building C object CMakeFiles/cmTryCompileExec1892169068.dir/CheckIncludeFiles.c.o
/usr/bin/cc   -Wall -pedantic    -o CMakeFiles/cmTryCompileExec1892169068.dir/CheckIncludeFiles.c.o   -c /home/cwilli45/cpe476/lab1/freeglut-3.0.0/build/CMakeFiles/CMakeTmp/CheckIncludeFiles.c
Linking C executable cmTryCompileExec1892169068
/usr/bin/cmake -E cmake_link_script CMakeFiles/cmTryCompileExec1892169068.dir/link.txt --verbose=1
/usr/bin/cc   -Wall -pedantic     CMakeFiles/cmTryCompileExec1892169068.dir/CheckIncludeFiles.c.o  -o cmTryCompileExec1892169068 -rdynamic 
gmake[1]: Leaving directory `/home/cwilli45/cpe476/lab1/freeglut-3.0.0/build/CMakeFiles/CMakeTmp'


Determining if files unistd.h exist passed with the following output:
Change Dir: /home/cwilli45/cpe476/lab1/freeglut-3.0.0/build/CMakeFiles/CMakeTmp

Run Build Command:/usr/bin/gmake "cmTryCompileExec2695737940/fast"
/usr/bin/gmake -f CMakeFiles/cmTryCompileExec2695737940.dir/build.make CMakeFiles/cmTryCompileExec2695737940.dir/build
gmake[1]: Entering directory `/home/cwilli45/cpe476/lab1/freeglut-3.0.0/build/CMakeFiles/CMakeTmp'
/usr/bin/cmake -E cmake_progress_report /home/cwilli45/cpe476/lab1/freeglut-3.0.0/build/CMakeFiles/CMakeTmp/CMakeFiles 1
Building C object CMakeFiles/cmTryCompileExec2695737940.dir/CheckIncludeFiles.c.o
/usr/bin/cc   -Wall -pedantic    -o CMakeFiles/cmTryCompileExec2695737940.dir/CheckIncludeFiles.c.o   -c /home/cwilli45/cpe476/lab1/freeglut-3.0.0/build/CMakeFiles/CMakeTmp/CheckIncludeFiles.c
Linking C executable cmTryCompileExec2695737940
/usr/bin/cmake -E cmake_link_script CMakeFiles/cmTryCompileExec2695737940.dir/link.txt --verbose=1
/usr/bin/cc   -Wall -pedantic     CMakeFiles/cmTryCompileExec2695737940.dir/CheckIncludeFiles.c.o  -o cmTryCompileExec2695737940 -rdynamic 
gmake[1]: Leaving directory `/home/cwilli45/cpe476/lab1/freeglut-3.0.0/build/CMakeFiles/CMakeTmp'


Determining if files sys/time.h exist passed with the following output:
Change Dir: /home/cwilli45/cpe476/lab1/freeglut-3.0.0/build/CMakeFiles/CMakeTmp

Run Build Command:/usr/bin/gmake "cmTryCompileExec3511543825/fast"
/usr/bin/gmake -f CMakeFiles/cmTryCompileExec3511543825.dir/build.make CMakeFiles/cmTryCompileExec3511543825.dir/build
gmake[1]: Entering directory `/home/cwilli45/cpe476/lab1/freeglut-3.0.0/build/CMakeFiles/CMakeTmp'
/usr/bin/cmake -E cmake_progress_report /home/cwilli45/cpe476/lab1/freeglut-3.0.0/build/CMakeFiles/CMakeTmp/CMakeFiles 1
Building C object CMakeFiles/cmTryCompileExec3511543825.dir/CheckIncludeFiles.c.o
/usr/bin/cc   -Wall -pedantic    -o CMakeFiles/cmTryCompileExec3511543825.dir/CheckIncludeFiles.c.o   -c /home/cwilli45/cpe476/lab1/freeglut-3.0.0/build/CMakeFiles/CMakeTmp/CheckIncludeFiles.c
Linking C executable cmTryCompileExec3511543825
/usr/bin/cmake -E cmake_link_script CMakeFiles/cmTryCompileExec3511543825.dir/link.txt --verbose=1
/usr/bin/cc   -Wall -pedantic     CMakeFiles/cmTryCompileExec3511543825.dir/CheckIncludeFiles.c.o  -o cmTryCompileExec3511543825 -rdynamic 
gmake[1]: Leaving directory `/home/cwilli45/cpe476/lab1/freeglut-3.0.0/build/CMakeFiles/CMakeTmp'


Determining if files stdbool.h exist passed with the following output:
Change Dir: /home/cwilli45/cpe476/lab1/freeglut-3.0.0/build/CMakeFiles/CMakeTmp

Run Build Command:/usr/bin/gmake "cmTryCompileExec2268652194/fast"
/usr/bin/gmake -f CMakeFiles/cmTryCompileExec2268652194.dir/build.make CMakeFiles/cmTryCompileExec2268652194.dir/build
gmake[1]: Entering directory `/home/cwilli45/cpe476/lab1/freeglut-3.0.0/build/CMakeFiles/CMakeTmp'
/usr/bin/cmake -E cmake_progress_report /home/cwilli45/cpe476/lab1/freeglut-3.0.0/build/CMakeFiles/CMakeTmp/CMakeFiles 1
Building C object CMakeFiles/cmTryCompileExec2268652194.dir/CheckIncludeFiles.c.o
/usr/bin/cc   -Wall -pedantic    -o CMakeFiles/cmTryCompileExec2268652194.dir/CheckIncludeFiles.c.o   -c /home/cwilli45/cpe476/lab1/freeglut-3.0.0/build/CMakeFiles/CMakeTmp/CheckIncludeFiles.c
Linking C executable cmTryCompileExec2268652194
/usr/bin/cmake -E cmake_link_script CMakeFiles/cmTryCompileExec2268652194.dir/link.txt --verbose=1
/usr/bin/cc   -Wall -pedantic     CMakeFiles/cmTryCompileExec2268652194.dir/CheckIncludeFiles.c.o  -o cmTryCompileExec2268652194 -rdynamic 
gmake[1]: Leaving directory `/home/cwilli45/cpe476/lab1/freeglut-3.0.0/build/CMakeFiles/CMakeTmp'


Determining if files sys/param.h exist passed with the following output:
Change Dir: /home/cwilli45/cpe476/lab1/freeglut-3.0.0/build/CMakeFiles/CMakeTmp

Run Build Command:/usr/bin/gmake "cmTryCompileExec1081111003/fast"
/usr/bin/gmake -f CMakeFiles/cmTryCompileExec1081111003.dir/build.make CMakeFiles/cmTryCompileExec1081111003.dir/build
gmake[1]: Entering directory `/home/cwilli45/cpe476/lab1/freeglut-3.0.0/build/CMakeFiles/CMakeTmp'
/usr/bin/cmake -E cmake_progress_report /home/cwilli45/cpe476/lab1/freeglut-3.0.0/build/CMakeFiles/CMakeTmp/CMakeFiles 1
Building C object CMakeFiles/cmTryCompileExec1081111003.dir/CheckIncludeFiles.c.o
/usr/bin/cc   -Wall -pedantic    -o CMakeFiles/cmTryCompileExec1081111003.dir/CheckIncludeFiles.c.o   -c /home/cwilli45/cpe476/lab1/freeglut-3.0.0/build/CMakeFiles/CMakeTmp/CheckIncludeFiles.c
Linking C executable cmTryCompileExec1081111003
/usr/bin/cmake -E cmake_link_script CMakeFiles/cmTryCompileExec1081111003.dir/link.txt --verbose=1
/usr/bin/cc   -Wall -pedantic     CMakeFiles/cmTryCompileExec1081111003.dir/CheckIncludeFiles.c.o  -o cmTryCompileExec1081111003 -rdynamic 
gmake[1]: Leaving directory `/home/cwilli45/cpe476/lab1/freeglut-3.0.0/build/CMakeFiles/CMakeTmp'


Determining if files sys/ioctl.h exist passed with the following output:
Change Dir: /home/cwilli45/cpe476/lab1/freeglut-3.0.0/build/CMakeFiles/CMakeTmp

Run Build Command:/usr/bin/gmake "cmTryCompileExec3064597543/fast"
/usr/bin/gmake -f CMakeFiles/cmTryCompileExec3064597543.dir/build.make CMakeFiles/cmTryCompileExec3064597543.dir/build
gmake[1]: Entering directory `/home/cwilli45/cpe476/lab1/freeglut-3.0.0/build/CMakeFiles/CMakeTmp'
/usr/bin/cmake -E cmake_progress_report /home/cwilli45/cpe476/lab1/freeglut-3.0.0/build/CMakeFiles/CMakeTmp/CMakeFiles 1
Building C object CMakeFiles/cmTryCompileExec3064597543.dir/CheckIncludeFiles.c.o
/usr/bin/cc   -Wall -pedantic    -o CMakeFiles/cmTryCompileExec3064597543.dir/CheckIncludeFiles.c.o   -c /home/cwilli45/cpe476/lab1/freeglut-3.0.0/build/CMakeFiles/CMakeTmp/CheckIncludeFiles.c
Linking C executable cmTryCompileExec3064597543
/usr/bin/cmake -E cmake_link_script CMakeFiles/cmTryCompileExec3064597543.dir/link.txt --verbose=1
/usr/bin/cc   -Wall -pedantic     CMakeFiles/cmTryCompileExec3064597543.dir/CheckIncludeFiles.c.o  -o cmTryCompileExec3064597543 -rdynamic 
gmake[1]: Leaving directory `/home/cwilli45/cpe476/lab1/freeglut-3.0.0/build/CMakeFiles/CMakeTmp'


Determining if files fcntl.h exist passed with the following output:
Change Dir: /home/cwilli45/cpe476/lab1/freeglut-3.0.0/build/CMakeFiles/CMakeTmp

Run Build Command:/usr/bin/gmake "cmTryCompileExec4272993132/fast"
/usr/bin/gmake -f CMakeFiles/cmTryCompileExec4272993132.dir/build.make CMakeFiles/cmTryCompileExec4272993132.dir/build
gmake[1]: Entering directory `/home/cwilli45/cpe476/lab1/freeglut-3.0.0/build/CMakeFiles/CMakeTmp'
/usr/bin/cmake -E cmake_progress_report /home/cwilli45/cpe476/lab1/freeglut-3.0.0/build/CMakeFiles/CMakeTmp/CMakeFiles 1
Building C object CMakeFiles/cmTryCompileExec4272993132.dir/CheckIncludeFiles.c.o
/usr/bin/cc   -Wall -pedantic    -o CMakeFiles/cmTryCompileExec4272993132.dir/CheckIncludeFiles.c.o   -c /home/cwilli45/cpe476/lab1/freeglut-3.0.0/build/CMakeFiles/CMakeTmp/CheckIncludeFiles.c
Linking C executable cmTryCompileExec4272993132
/usr/bin/cmake -E cmake_link_script CMakeFiles/cmTryCompileExec4272993132.dir/link.txt --verbose=1
/usr/bin/cc   -Wall -pedantic     CMakeFiles/cmTryCompileExec4272993132.dir/CheckIncludeFiles.c.o  -o cmTryCompileExec4272993132 -rdynamic 
gmake[1]: Leaving directory `/home/cwilli45/cpe476/lab1/freeglut-3.0.0/build/CMakeFiles/CMakeTmp'


Determining if the function gettimeofday exists passed with the following output:
Change Dir: /home/cwilli45/cpe476/lab1/freeglut-3.0.0/build/CMakeFiles/CMakeTmp

Run Build Command:/usr/bin/gmake "cmTryCompileExec1717866850/fast"
/usr/bin/gmake -f CMakeFiles/cmTryCompileExec1717866850.dir/build.make CMakeFiles/cmTryCompileExec1717866850.dir/build
gmake[1]: Entering directory `/home/cwilli45/cpe476/lab1/freeglut-3.0.0/build/CMakeFiles/CMakeTmp'
/usr/bin/cmake -E cmake_progress_report /home/cwilli45/cpe476/lab1/freeglut-3.0.0/build/CMakeFiles/CMakeTmp/CMakeFiles 1
Building C object CMakeFiles/cmTryCompileExec1717866850.dir/CheckFunctionExists.c.o
/usr/bin/cc   -Wall -pedantic -DCHECK_FUNCTION_EXISTS=gettimeofday   -o CMakeFiles/cmTryCompileExec1717866850.dir/CheckFunctionExists.c.o   -c /usr/share/cmake/Modules/CheckFunctionExists.c
Linking C executable cmTryCompileExec1717866850
/usr/bin/cmake -E cmake_link_script CMakeFiles/cmTryCompileExec1717866850.dir/link.txt --verbose=1
/usr/bin/cc   -Wall -pedantic -DCHECK_FUNCTION_EXISTS=gettimeofday    CMakeFiles/cmTryCompileExec1717866850.dir/CheckFunctionExists.c.o  -o cmTryCompileExec1717866850 -rdynamic -lm 
gmake[1]: Leaving directory `/home/cwilli45/cpe476/lab1/freeglut-3.0.0/build/CMakeFiles/CMakeTmp'


Determining if files stdint.h exist passed with the following output:
Change Dir: /home/cwilli45/cpe476/lab1/freeglut-3.0.0/build/CMakeFiles/CMakeTmp

Run Build Command:/usr/bin/gmake "cmTryCompileExec89187887/fast"
/usr/bin/gmake -f CMakeFiles/cmTryCompileExec89187887.dir/build.make CMakeFiles/cmTryCompileExec89187887.dir/build
gmake[1]: Entering directory `/home/cwilli45/cpe476/lab1/freeglut-3.0.0/build/CMakeFiles/CMakeTmp'
/usr/bin/cmake -E cmake_progress_report /home/cwilli45/cpe476/lab1/freeglut-3.0.0/build/CMakeFiles/CMakeTmp/CMakeFiles 1
Building C object CMakeFiles/cmTryCompileExec89187887.dir/CheckIncludeFiles.c.o
/usr/bin/cc   -Wall -pedantic    -o CMakeFiles/cmTryCompileExec89187887.dir/CheckIncludeFiles.c.o   -c /home/cwilli45/cpe476/lab1/freeglut-3.0.0/build/CMakeFiles/CMakeTmp/CheckIncludeFiles.c
Linking C executable cmTryCompileExec89187887
/usr/bin/cmake -E cmake_link_script CMakeFiles/cmTryCompileExec89187887.dir/link.txt --verbose=1
/usr/bin/cc   -Wall -pedantic     CMakeFiles/cmTryCompileExec89187887.dir/CheckIncludeFiles.c.o  -o cmTryCompileExec89187887 -rdynamic 
gmake[1]: Leaving directory `/home/cwilli45/cpe476/lab1/freeglut-3.0.0/build/CMakeFiles/CMakeTmp'


Determining if files inttypes.h exist passed with the following output:
Change Dir: /home/cwilli45/cpe476/lab1/freeglut-3.0.0/build/CMakeFiles/CMakeTmp

Run Build Command:/usr/bin/gmake "cmTryCompileExec2065604358/fast"
/usr/bin/gmake -f CMakeFiles/cmTryCompileExec2065604358.dir/build.make CMakeFiles/cmTryCompileExec2065604358.dir/build
gmake[1]: Entering directory `/home/cwilli45/cpe476/lab1/freeglut-3.0.0/build/CMakeFiles/CMakeTmp'
/usr/bin/cmake -E cmake_progress_report /home/cwilli45/cpe476/lab1/freeglut-3.0.0/build/CMakeFiles/CMakeTmp/CMakeFiles 1
Building C object CMakeFiles/cmTryCompileExec2065604358.dir/CheckIncludeFiles.c.o
/usr/bin/cc   -Wall -pedantic    -o CMakeFiles/cmTryCompileExec2065604358.dir/CheckIncludeFiles.c.o   -c /home/cwilli45/cpe476/lab1/freeglut-3.0.0/build/CMakeFiles/CMakeTmp/CheckIncludeFiles.c
Linking C executable cmTryCompileExec2065604358
/usr/bin/cmake -E cmake_link_script CMakeFiles/cmTryCompileExec2065604358.dir/link.txt --verbose=1
/usr/bin/cc   -Wall -pedantic     CMakeFiles/cmTryCompileExec2065604358.dir/CheckIncludeFiles.c.o  -o cmTryCompileExec2065604358 -rdynamic 
gmake[1]: Leaving directory `/home/cwilli45/cpe476/lab1/freeglut-3.0.0/build/CMakeFiles/CMakeTmp'


